<?xml version="1.0" encoding="UTF-8"?>
<testsuite name="SILab2Test" tests="3" skipped="0" failures="0" errors="0" timestamp="2023-05-21T21:16:36" hostname="DESKTOP-VNDFQGR" time="0.191">
  <properties/>
  <testcase name="functionalTest()" classname="SILab2Test" time="0.164"/>
  <testcase name="everyBranchTest()" classname="SILab2Test" time="0.016"/>
  <testcase name="multipleConditionTest()" classname="SILab2Test" time="0.006"/>
  <system-out><![CDATA[]]></system-out>
  <system-err><![CDATA[]]></system-err>
</testsuite>
